[2024-03-12 16:01:57] production.ERROR: Uncaught ReflectionException: Class "Spark\Http\Middleware\VerifyBillableIsSubscribed" does not exist in Command line code:1
Stack trace:
#0 Command line code(1): ReflectionMethod->__construct()
#1 {main}
  thrown {"exception":"[object] (Symfony\\Component\\ErrorHandler\\Error\\FatalError(code: 0): Uncaught ReflectionException: Class \"Spark\\Http\\Middleware\\VerifyBillableIsSubscribed\" does not exist in Command line code:1
Stack trace:
#0 Command line code(1): ReflectionMethod->__construct()
#1 {main}
  thrown at Command line code:1)
[stacktrace]
#0 {main}
"} 
[2024-03-12 16:18:09] local.ERROR: SQLSTATE[HY000]: General error: 1273 Unknown collation: 'utf8mb4_0900_ai_ci' (Connection: mysql, SQL: select table_name as `name`, (data_length + index_length) as `size`, table_comment as `comment`, engine as `engine`, table_collation as `collation` from information_schema.tables where table_schema = 'diak_teszt' and table_type in ('BASE TABLE', 'SYSTEM VERSIONED') order by table_name) {"exception":"[object] (Illuminate\\Database\\QueryException(code: HY000): SQLSTATE[HY000]: General error: 1273 Unknown collation: 'utf8mb4_0900_ai_ci' (Connection: mysql, SQL: select table_name as `name`, (data_length + index_length) as `size`, table_comment as `comment`, engine as `engine`, table_collation as `collation` from information_schema.tables where table_schema = 'diak_teszt' and table_type in ('BASE TABLE', 'SYSTEM VERSIONED') order by table_name) at /home/diak/Projektmunka/tesztApi/vendor/laravel/framework/src/Illuminate/Database/Connection.php:813)
[stacktrace]
#0 /home/diak/Projektmunka/tesztApi/vendor/laravel/framework/src/Illuminate/Database/Connection.php(767): Illuminate\\Database\\Connection->runQueryCallback()
#1 /home/diak/Projektmunka/tesztApi/vendor/laravel/framework/src/Illuminate/Database/Connection.php(398): Illuminate\\Database\\Connection->run()
#2 /home/diak/Projektmunka/tesztApi/vendor/laravel/framework/src/Illuminate/Database/Connection.php(385): Illuminate\\Database\\Connection->select()
#3 /home/diak/Projektmunka/tesztApi/vendor/laravel/framework/src/Illuminate/Database/Schema/MySqlBuilder.php(41): Illuminate\\Database\\Connection->selectFromWriteConnection()
#4 /home/diak/Projektmunka/tesztApi/vendor/laravel/framework/src/Illuminate/Database/Schema/Builder.php(147): Illuminate\\Database\\Schema\\MySqlBuilder->getTables()
#5 /home/diak/Projektmunka/tesztApi/vendor/laravel/framework/src/Illuminate/Database/Migrations/DatabaseMigrationRepository.php(184): Illuminate\\Database\\Schema\\Builder->hasTable()
#6 /home/diak/Projektmunka/tesztApi/vendor/laravel/framework/src/Illuminate/Database/Migrations/Migrator.php(689): Illuminate\\Database\\Migrations\\DatabaseMigrationRepository->repositoryExists()
#7 /home/diak/Projektmunka/tesztApi/vendor/laravel/framework/src/Illuminate/Database/Console/Migrations/MigrateCommand.php(140): Illuminate\\Database\\Migrations\\Migrator->repositoryExists()
#8 /home/diak/Projektmunka/tesztApi/vendor/laravel/framework/src/Illuminate/Support/helpers.php(286): Illuminate\\Database\\Console\\Migrations\\MigrateCommand->Illuminate\\Database\\Console\\Migrations\\{closure}()
#9 /home/diak/Projektmunka/tesztApi/vendor/laravel/framework/src/Illuminate/Database/Console/Migrations/MigrateCommand.php(140): retry()
#10 /home/diak/Projektmunka/tesztApi/vendor/laravel/framework/src/Illuminate/Database/Console/Migrations/MigrateCommand.php(116): Illuminate\\Database\\Console\\Migrations\\MigrateCommand->repositoryExists()
#11 /home/diak/Projektmunka/tesztApi/vendor/laravel/framework/src/Illuminate/Database/Console/Migrations/MigrateCommand.php(84): Illuminate\\Database\\Console\\Migrations\\MigrateCommand->prepareDatabase()
#12 /home/diak/Projektmunka/tesztApi/vendor/laravel/framework/src/Illuminate/Database/Migrations/Migrator.php(622): Illuminate\\Database\\Console\\Migrations\\MigrateCommand->Illuminate\\Database\\Console\\Migrations\\{closure}()
#13 /home/diak/Projektmunka/tesztApi/vendor/laravel/framework/src/Illuminate/Database/Console/Migrations/MigrateCommand.php(83): Illuminate\\Database\\Migrations\\Migrator->usingConnection()
#14 /home/diak/Projektmunka/tesztApi/vendor/laravel/framework/src/Illuminate/Container/BoundMethod.php(36): Illuminate\\Database\\Console\\Migrations\\MigrateCommand->handle()
#15 /home/diak/Projektmunka/tesztApi/vendor/laravel/framework/src/Illuminate/Container/Util.php(41): Illuminate\\Container\\BoundMethod::Illuminate\\Container\\{closure}()
#16 /home/diak/Projektmunka/tesztApi/vendor/laravel/framework/src/Illuminate/Container/BoundMethod.php(93): Illuminate\\Container\\Util::unwrapIfClosure()
#17 /home/diak/Projektmunka/tesztApi/vendor/laravel/framework/src/Illuminate/Container/BoundMethod.php(35): Illuminate\\Container\\BoundMethod::callBoundMethod()
#18 /home/diak/Projektmunka/tesztApi/vendor/laravel/framework/src/Illuminate/Container/Container.php(662): Illuminate\\Container\\BoundMethod::call()
#19 /home/diak/Projektmunka/tesztApi/vendor/laravel/framework/src/Illuminate/Console/Command.php(212): Illuminate\\Container\\Container->call()
#20 /home/diak/Projektmunka/tesztApi/vendor/symfony/console/Command/Command.php(279): Illuminate\\Console\\Command->execute()
#21 /home/diak/Projektmunka/tesztApi/vendor/laravel/framework/src/Illuminate/Console/Command.php(181): Symfony\\Component\\Console\\Command\\Command->run()
#22 /home/diak/Projektmunka/tesztApi/vendor/symfony/console/Application.php(1049): Illuminate\\Console\\Command->run()
#23 /home/diak/Projektmunka/tesztApi/vendor/symfony/console/Application.php(318): Symfony\\Component\\Console\\Application->doRunCommand()
#24 /home/diak/Projektmunka/tesztApi/vendor/symfony/console/Application.php(169): Symfony\\Component\\Console\\Application->doRun()
#25 /home/diak/Projektmunka/tesztApi/vendor/laravel/framework/src/Illuminate/Foundation/Console/Kernel.php(196): Symfony\\Component\\Console\\Application->run()
#26 /home/diak/Projektmunka/tesztApi/vendor/laravel/framework/src/Illuminate/Foundation/Application.php(1183): Illuminate\\Foundation\\Console\\Kernel->handle()
#27 /home/diak/Projektmunka/tesztApi/artisan(13): Illuminate\\Foundation\\Application->handleCommand()
#28 {main}

[previous exception] [object] (PDOException(code: HY000): SQLSTATE[HY000]: General error: 1273 Unknown collation: 'utf8mb4_0900_ai_ci' at /home/diak/Projektmunka/tesztApi/vendor/laravel/framework/src/Illuminate/Database/Connectors/MySqlConnector.php:121)
[stacktrace]
#0 /home/diak/Projektmunka/tesztApi/vendor/laravel/framework/src/Illuminate/Database/Connectors/MySqlConnector.php(121): PDO->exec()
#1 /home/diak/Projektmunka/tesztApi/vendor/laravel/framework/src/Illuminate/Database/Connectors/MySqlConnector.php(30): Illuminate\\Database\\Connectors\\MySqlConnector->configureConnection()
#2 /home/diak/Projektmunka/tesztApi/vendor/laravel/framework/src/Illuminate/Database/Connectors/ConnectionFactory.php(185): Illuminate\\Database\\Connectors\\MySqlConnector->connect()
#3 [internal function]: Illuminate\\Database\\Connectors\\ConnectionFactory->Illuminate\\Database\\Connectors\\{closure}()
#4 /home/diak/Projektmunka/tesztApi/vendor/laravel/framework/src/Illuminate/Database/Connection.php(1219): call_user_func()
#5 /home/diak/Projektmunka/tesztApi/vendor/laravel/framework/src/Illuminate/Database/Connection.php(512): Illuminate\\Database\\Connection->getPdo()
#6 /home/diak/Projektmunka/tesztApi/vendor/laravel/framework/src/Illuminate/Database/Connection.php(407): Illuminate\\Database\\Connection->getPdoForSelect()
#7 /home/diak/Projektmunka/tesztApi/vendor/laravel/framework/src/Illuminate/Database/Connection.php(800): Illuminate\\Database\\Connection->Illuminate\\Database\\{closure}()
#8 /home/diak/Projektmunka/tesztApi/vendor/laravel/framework/src/Illuminate/Database/Connection.php(767): Illuminate\\Database\\Connection->runQueryCallback()
#9 /home/diak/Projektmunka/tesztApi/vendor/laravel/framework/src/Illuminate/Database/Connection.php(398): Illuminate\\Database\\Connection->run()
#10 /home/diak/Projektmunka/tesztApi/vendor/laravel/framework/src/Illuminate/Database/Connection.php(385): Illuminate\\Database\\Connection->select()
#11 /home/diak/Projektmunka/tesztApi/vendor/laravel/framework/src/Illuminate/Database/Schema/MySqlBuilder.php(41): Illuminate\\Database\\Connection->selectFromWriteConnection()
#12 /home/diak/Projektmunka/tesztApi/vendor/laravel/framework/src/Illuminate/Database/Schema/Builder.php(147): Illuminate\\Database\\Schema\\MySqlBuilder->getTables()
#13 /home/diak/Projektmunka/tesztApi/vendor/laravel/framework/src/Illuminate/Database/Migrations/DatabaseMigrationRepository.php(184): Illuminate\\Database\\Schema\\Builder->hasTable()
#14 /home/diak/Projektmunka/tesztApi/vendor/laravel/framework/src/Illuminate/Database/Migrations/Migrator.php(689): Illuminate\\Database\\Migrations\\DatabaseMigrationRepository->repositoryExists()
#15 /home/diak/Projektmunka/tesztApi/vendor/laravel/framework/src/Illuminate/Database/Console/Migrations/MigrateCommand.php(140): Illuminate\\Database\\Migrations\\Migrator->repositoryExists()
#16 /home/diak/Projektmunka/tesztApi/vendor/laravel/framework/src/Illuminate/Support/helpers.php(286): Illuminate\\Database\\Console\\Migrations\\MigrateCommand->Illuminate\\Database\\Console\\Migrations\\{closure}()
#17 /home/diak/Projektmunka/tesztApi/vendor/laravel/framework/src/Illuminate/Database/Console/Migrations/MigrateCommand.php(140): retry()
#18 /home/diak/Projektmunka/tesztApi/vendor/laravel/framework/src/Illuminate/Database/Console/Migrations/MigrateCommand.php(116): Illuminate\\Database\\Console\\Migrations\\MigrateCommand->repositoryExists()
#19 /home/diak/Projektmunka/tesztApi/vendor/laravel/framework/src/Illuminate/Database/Console/Migrations/MigrateCommand.php(84): Illuminate\\Database\\Console\\Migrations\\MigrateCommand->prepareDatabase()
#20 /home/diak/Projektmunka/tesztApi/vendor/laravel/framework/src/Illuminate/Database/Migrations/Migrator.php(622): Illuminate\\Database\\Console\\Migrations\\MigrateCommand->Illuminate\\Database\\Console\\Migrations\\{closure}()
#21 /home/diak/Projektmunka/tesztApi/vendor/laravel/framework/src/Illuminate/Database/Console/Migrations/MigrateCommand.php(83): Illuminate\\Database\\Migrations\\Migrator->usingConnection()
#22 /home/diak/Projektmunka/tesztApi/vendor/laravel/framework/src/Illuminate/Container/BoundMethod.php(36): Illuminate\\Database\\Console\\Migrations\\MigrateCommand->handle()
#23 /home/diak/Projektmunka/tesztApi/vendor/laravel/framework/src/Illuminate/Container/Util.php(41): Illuminate\\Container\\BoundMethod::Illuminate\\Container\\{closure}()
#24 /home/diak/Projektmunka/tesztApi/vendor/laravel/framework/src/Illuminate/Container/BoundMethod.php(93): Illuminate\\Container\\Util::unwrapIfClosure()
#25 /home/diak/Projektmunka/tesztApi/vendor/laravel/framework/src/Illuminate/Container/BoundMethod.php(35): Illuminate\\Container\\BoundMethod::callBoundMethod()
#26 /home/diak/Projektmunka/tesztApi/vendor/laravel/framework/src/Illuminate/Container/Container.php(662): Illuminate\\Container\\BoundMethod::call()
#27 /home/diak/Projektmunka/tesztApi/vendor/laravel/framework/src/Illuminate/Console/Command.php(212): Illuminate\\Container\\Container->call()
#28 /home/diak/Projektmunka/tesztApi/vendor/symfony/console/Command/Command.php(279): Illuminate\\Console\\Command->execute()
#29 /home/diak/Projektmunka/tesztApi/vendor/laravel/framework/src/Illuminate/Console/Command.php(181): Symfony\\Component\\Console\\Command\\Command->run()
#30 /home/diak/Projektmunka/tesztApi/vendor/symfony/console/Application.php(1049): Illuminate\\Console\\Command->run()
#31 /home/diak/Projektmunka/tesztApi/vendor/symfony/console/Application.php(318): Symfony\\Component\\Console\\Application->doRunCommand()
#32 /home/diak/Projektmunka/tesztApi/vendor/symfony/console/Application.php(169): Symfony\\Component\\Console\\Application->doRun()
#33 /home/diak/Projektmunka/tesztApi/vendor/laravel/framework/src/Illuminate/Foundation/Console/Kernel.php(196): Symfony\\Component\\Console\\Application->run()
#34 /home/diak/Projektmunka/tesztApi/vendor/laravel/framework/src/Illuminate/Foundation/Application.php(1183): Illuminate\\Foundation\\Console\\Kernel->handle()
#35 /home/diak/Projektmunka/tesztApi/artisan(13): Illuminate\\Foundation\\Application->handleCommand()
#36 {main}
"} 
[2024-03-12 16:53:14] local.ERROR: Uncaught ReflectionException: Class "Spark\Http\Middleware\VerifyBillableIsSubscribed" does not exist in Command line code:1
Stack trace:
#0 Command line code(1): ReflectionMethod->__construct()
#1 {main}
  thrown {"exception":"[object] (Symfony\\Component\\ErrorHandler\\Error\\FatalError(code: 0): Uncaught ReflectionException: Class \"Spark\\Http\\Middleware\\VerifyBillableIsSubscribed\" does not exist in Command line code:1
Stack trace:
#0 Command line code(1): ReflectionMethod->__construct()
#1 {main}
  thrown at Command line code:1)
[stacktrace]
#0 {main}
"} 
[2024-03-12 16:53:32] local.ERROR: SQLSTATE[HY000]: General error: 1273 Unknown collation: 'utf8mb4_0900_ai_ci' (Connection: mysql, SQL: select table_name as `name`, (data_length + index_length) as `size`, table_comment as `comment`, engine as `engine`, table_collation as `collation` from information_schema.tables where table_schema = 'diak_teszt' and table_type in ('BASE TABLE', 'SYSTEM VERSIONED') order by table_name) {"exception":"[object] (Illuminate\\Database\\QueryException(code: HY000): SQLSTATE[HY000]: General error: 1273 Unknown collation: 'utf8mb4_0900_ai_ci' (Connection: mysql, SQL: select table_name as `name`, (data_length + index_length) as `size`, table_comment as `comment`, engine as `engine`, table_collation as `collation` from information_schema.tables where table_schema = 'diak_teszt' and table_type in ('BASE TABLE', 'SYSTEM VERSIONED') order by table_name) at /home/diak/Projektmunka/tesztApi/vendor/laravel/framework/src/Illuminate/Database/Connection.php:813)
[stacktrace]
#0 /home/diak/Projektmunka/tesztApi/vendor/laravel/framework/src/Illuminate/Database/Connection.php(767): Illuminate\\Database\\Connection->runQueryCallback()
#1 /home/diak/Projektmunka/tesztApi/vendor/laravel/framework/src/Illuminate/Database/Connection.php(398): Illuminate\\Database\\Connection->run()
#2 /home/diak/Projektmunka/tesztApi/vendor/laravel/framework/src/Illuminate/Database/Connection.php(385): Illuminate\\Database\\Connection->select()
#3 /home/diak/Projektmunka/tesztApi/vendor/laravel/framework/src/Illuminate/Database/Schema/MySqlBuilder.php(41): Illuminate\\Database\\Connection->selectFromWriteConnection()
#4 /home/diak/Projektmunka/tesztApi/vendor/laravel/framework/src/Illuminate/Database/Schema/Builder.php(147): Illuminate\\Database\\Schema\\MySqlBuilder->getTables()
#5 /home/diak/Projektmunka/tesztApi/vendor/laravel/framework/src/Illuminate/Database/Migrations/DatabaseMigrationRepository.php(184): Illuminate\\Database\\Schema\\Builder->hasTable()
#6 /home/diak/Projektmunka/tesztApi/vendor/laravel/framework/src/Illuminate/Database/Migrations/Migrator.php(689): Illuminate\\Database\\Migrations\\DatabaseMigrationRepository->repositoryExists()
#7 /home/diak/Projektmunka/tesztApi/vendor/laravel/framework/src/Illuminate/Database/Console/Migrations/MigrateCommand.php(140): Illuminate\\Database\\Migrations\\Migrator->repositoryExists()
#8 /home/diak/Projektmunka/tesztApi/vendor/laravel/framework/src/Illuminate/Support/helpers.php(286): Illuminate\\Database\\Console\\Migrations\\MigrateCommand->Illuminate\\Database\\Console\\Migrations\\{closure}()
#9 /home/diak/Projektmunka/tesztApi/vendor/laravel/framework/src/Illuminate/Database/Console/Migrations/MigrateCommand.php(140): retry()
#10 /home/diak/Projektmunka/tesztApi/vendor/laravel/framework/src/Illuminate/Database/Console/Migrations/MigrateCommand.php(116): Illuminate\\Database\\Console\\Migrations\\MigrateCommand->repositoryExists()
#11 /home/diak/Projektmunka/tesztApi/vendor/laravel/framework/src/Illuminate/Database/Console/Migrations/MigrateCommand.php(84): Illuminate\\Database\\Console\\Migrations\\MigrateCommand->prepareDatabase()
#12 /home/diak/Projektmunka/tesztApi/vendor/laravel/framework/src/Illuminate/Database/Migrations/Migrator.php(622): Illuminate\\Database\\Console\\Migrations\\MigrateCommand->Illuminate\\Database\\Console\\Migrations\\{closure}()
#13 /home/diak/Projektmunka/tesztApi/vendor/laravel/framework/src/Illuminate/Database/Console/Migrations/MigrateCommand.php(83): Illuminate\\Database\\Migrations\\Migrator->usingConnection()
#14 /home/diak/Projektmunka/tesztApi/vendor/laravel/framework/src/Illuminate/Container/BoundMethod.php(36): Illuminate\\Database\\Console\\Migrations\\MigrateCommand->handle()
#15 /home/diak/Projektmunka/tesztApi/vendor/laravel/framework/src/Illuminate/Container/Util.php(41): Illuminate\\Container\\BoundMethod::Illuminate\\Container\\{closure}()
#16 /home/diak/Projektmunka/tesztApi/vendor/laravel/framework/src/Illuminate/Container/BoundMethod.php(93): Illuminate\\Container\\Util::unwrapIfClosure()
#17 /home/diak/Projektmunka/tesztApi/vendor/laravel/framework/src/Illuminate/Container/BoundMethod.php(35): Illuminate\\Container\\BoundMethod::callBoundMethod()
#18 /home/diak/Projektmunka/tesztApi/vendor/laravel/framework/src/Illuminate/Container/Container.php(662): Illuminate\\Container\\BoundMethod::call()
#19 /home/diak/Projektmunka/tesztApi/vendor/laravel/framework/src/Illuminate/Console/Command.php(212): Illuminate\\Container\\Container->call()
#20 /home/diak/Projektmunka/tesztApi/vendor/symfony/console/Command/Command.php(279): Illuminate\\Console\\Command->execute()
#21 /home/diak/Projektmunka/tesztApi/vendor/laravel/framework/src/Illuminate/Console/Command.php(181): Symfony\\Component\\Console\\Command\\Command->run()
#22 /home/diak/Projektmunka/tesztApi/vendor/symfony/console/Application.php(1049): Illuminate\\Console\\Command->run()
#23 /home/diak/Projektmunka/tesztApi/vendor/symfony/console/Application.php(318): Symfony\\Component\\Console\\Application->doRunCommand()
#24 /home/diak/Projektmunka/tesztApi/vendor/symfony/console/Application.php(169): Symfony\\Component\\Console\\Application->doRun()
#25 /home/diak/Projektmunka/tesztApi/vendor/laravel/framework/src/Illuminate/Foundation/Console/Kernel.php(196): Symfony\\Component\\Console\\Application->run()
#26 /home/diak/Projektmunka/tesztApi/vendor/laravel/framework/src/Illuminate/Foundation/Application.php(1183): Illuminate\\Foundation\\Console\\Kernel->handle()
#27 /home/diak/Projektmunka/tesztApi/artisan(13): Illuminate\\Foundation\\Application->handleCommand()
#28 {main}

[previous exception] [object] (PDOException(code: HY000): SQLSTATE[HY000]: General error: 1273 Unknown collation: 'utf8mb4_0900_ai_ci' at /home/diak/Projektmunka/tesztApi/vendor/laravel/framework/src/Illuminate/Database/Connectors/MySqlConnector.php:121)
[stacktrace]
#0 /home/diak/Projektmunka/tesztApi/vendor/laravel/framework/src/Illuminate/Database/Connectors/MySqlConnector.php(121): PDO->exec()
#1 /home/diak/Projektmunka/tesztApi/vendor/laravel/framework/src/Illuminate/Database/Connectors/MySqlConnector.php(30): Illuminate\\Database\\Connectors\\MySqlConnector->configureConnection()
#2 /home/diak/Projektmunka/tesztApi/vendor/laravel/framework/src/Illuminate/Database/Connectors/ConnectionFactory.php(185): Illuminate\\Database\\Connectors\\MySqlConnector->connect()
#3 [internal function]: Illuminate\\Database\\Connectors\\ConnectionFactory->Illuminate\\Database\\Connectors\\{closure}()
#4 /home/diak/Projektmunka/tesztApi/vendor/laravel/framework/src/Illuminate/Database/Connection.php(1219): call_user_func()
#5 /home/diak/Projektmunka/tesztApi/vendor/laravel/framework/src/Illuminate/Database/Connection.php(512): Illuminate\\Database\\Connection->getPdo()
#6 /home/diak/Projektmunka/tesztApi/vendor/laravel/framework/src/Illuminate/Database/Connection.php(407): Illuminate\\Database\\Connection->getPdoForSelect()
#7 /home/diak/Projektmunka/tesztApi/vendor/laravel/framework/src/Illuminate/Database/Connection.php(800): Illuminate\\Database\\Connection->Illuminate\\Database\\{closure}()
#8 /home/diak/Projektmunka/tesztApi/vendor/laravel/framework/src/Illuminate/Database/Connection.php(767): Illuminate\\Database\\Connection->runQueryCallback()
#9 /home/diak/Projektmunka/tesztApi/vendor/laravel/framework/src/Illuminate/Database/Connection.php(398): Illuminate\\Database\\Connection->run()
#10 /home/diak/Projektmunka/tesztApi/vendor/laravel/framework/src/Illuminate/Database/Connection.php(385): Illuminate\\Database\\Connection->select()
#11 /home/diak/Projektmunka/tesztApi/vendor/laravel/framework/src/Illuminate/Database/Schema/MySqlBuilder.php(41): Illuminate\\Database\\Connection->selectFromWriteConnection()
#12 /home/diak/Projektmunka/tesztApi/vendor/laravel/framework/src/Illuminate/Database/Schema/Builder.php(147): Illuminate\\Database\\Schema\\MySqlBuilder->getTables()
#13 /home/diak/Projektmunka/tesztApi/vendor/laravel/framework/src/Illuminate/Database/Migrations/DatabaseMigrationRepository.php(184): Illuminate\\Database\\Schema\\Builder->hasTable()
#14 /home/diak/Projektmunka/tesztApi/vendor/laravel/framework/src/Illuminate/Database/Migrations/Migrator.php(689): Illuminate\\Database\\Migrations\\DatabaseMigrationRepository->repositoryExists()
#15 /home/diak/Projektmunka/tesztApi/vendor/laravel/framework/src/Illuminate/Database/Console/Migrations/MigrateCommand.php(140): Illuminate\\Database\\Migrations\\Migrator->repositoryExists()
#16 /home/diak/Projektmunka/tesztApi/vendor/laravel/framework/src/Illuminate/Support/helpers.php(286): Illuminate\\Database\\Console\\Migrations\\MigrateCommand->Illuminate\\Database\\Console\\Migrations\\{closure}()
#17 /home/diak/Projektmunka/tesztApi/vendor/laravel/framework/src/Illuminate/Database/Console/Migrations/MigrateCommand.php(140): retry()
#18 /home/diak/Projektmunka/tesztApi/vendor/laravel/framework/src/Illuminate/Database/Console/Migrations/MigrateCommand.php(116): Illuminate\\Database\\Console\\Migrations\\MigrateCommand->repositoryExists()
#19 /home/diak/Projektmunka/tesztApi/vendor/laravel/framework/src/Illuminate/Database/Console/Migrations/MigrateCommand.php(84): Illuminate\\Database\\Console\\Migrations\\MigrateCommand->prepareDatabase()
#20 /home/diak/Projektmunka/tesztApi/vendor/laravel/framework/src/Illuminate/Database/Migrations/Migrator.php(622): Illuminate\\Database\\Console\\Migrations\\MigrateCommand->Illuminate\\Database\\Console\\Migrations\\{closure}()
#21 /home/diak/Projektmunka/tesztApi/vendor/laravel/framework/src/Illuminate/Database/Console/Migrations/MigrateCommand.php(83): Illuminate\\Database\\Migrations\\Migrator->usingConnection()
#22 /home/diak/Projektmunka/tesztApi/vendor/laravel/framework/src/Illuminate/Container/BoundMethod.php(36): Illuminate\\Database\\Console\\Migrations\\MigrateCommand->handle()
#23 /home/diak/Projektmunka/tesztApi/vendor/laravel/framework/src/Illuminate/Container/Util.php(41): Illuminate\\Container\\BoundMethod::Illuminate\\Container\\{closure}()
#24 /home/diak/Projektmunka/tesztApi/vendor/laravel/framework/src/Illuminate/Container/BoundMethod.php(93): Illuminate\\Container\\Util::unwrapIfClosure()
#25 /home/diak/Projektmunka/tesztApi/vendor/laravel/framework/src/Illuminate/Container/BoundMethod.php(35): Illuminate\\Container\\BoundMethod::callBoundMethod()
#26 /home/diak/Projektmunka/tesztApi/vendor/laravel/framework/src/Illuminate/Container/Container.php(662): Illuminate\\Container\\BoundMethod::call()
#27 /home/diak/Projektmunka/tesztApi/vendor/laravel/framework/src/Illuminate/Console/Command.php(212): Illuminate\\Container\\Container->call()
#28 /home/diak/Projektmunka/tesztApi/vendor/symfony/console/Command/Command.php(279): Illuminate\\Console\\Command->execute()
#29 /home/diak/Projektmunka/tesztApi/vendor/laravel/framework/src/Illuminate/Console/Command.php(181): Symfony\\Component\\Console\\Command\\Command->run()
#30 /home/diak/Projektmunka/tesztApi/vendor/symfony/console/Application.php(1049): Illuminate\\Console\\Command->run()
#31 /home/diak/Projektmunka/tesztApi/vendor/symfony/console/Application.php(318): Symfony\\Component\\Console\\Application->doRunCommand()
#32 /home/diak/Projektmunka/tesztApi/vendor/symfony/console/Application.php(169): Symfony\\Component\\Console\\Application->doRun()
#33 /home/diak/Projektmunka/tesztApi/vendor/laravel/framework/src/Illuminate/Foundation/Console/Kernel.php(196): Symfony\\Component\\Console\\Application->run()
#34 /home/diak/Projektmunka/tesztApi/vendor/laravel/framework/src/Illuminate/Foundation/Application.php(1183): Illuminate\\Foundation\\Console\\Kernel->handle()
#35 /home/diak/Projektmunka/tesztApi/artisan(13): Illuminate\\Foundation\\Application->handleCommand()
#36 {main}
"} 
[2024-03-12 19:43:54] local.ERROR: SQLSTATE[HY000]: General error: 1273 Unknown collation: 'utf8mb4_0900_ai_ci' (Connection: mysql, SQL: select table_name as `name`, (data_length + index_length) as `size`, table_comment as `comment`, engine as `engine`, table_collation as `collation` from information_schema.tables where table_schema = 'diak_teszt' and table_type in ('BASE TABLE', 'SYSTEM VERSIONED') order by table_name) {"exception":"[object] (Illuminate\\Database\\QueryException(code: HY000): SQLSTATE[HY000]: General error: 1273 Unknown collation: 'utf8mb4_0900_ai_ci' (Connection: mysql, SQL: select table_name as `name`, (data_length + index_length) as `size`, table_comment as `comment`, engine as `engine`, table_collation as `collation` from information_schema.tables where table_schema = 'diak_teszt' and table_type in ('BASE TABLE', 'SYSTEM VERSIONED') order by table_name) at /home/diak/Projektmunka/tesztApi/vendor/laravel/framework/src/Illuminate/Database/Connection.php:813)
[stacktrace]
#0 /home/diak/Projektmunka/tesztApi/vendor/laravel/framework/src/Illuminate/Database/Connection.php(767): Illuminate\\Database\\Connection->runQueryCallback()
#1 /home/diak/Projektmunka/tesztApi/vendor/laravel/framework/src/Illuminate/Database/Connection.php(398): Illuminate\\Database\\Connection->run()
#2 /home/diak/Projektmunka/tesztApi/vendor/laravel/framework/src/Illuminate/Database/Connection.php(385): Illuminate\\Database\\Connection->select()
#3 /home/diak/Projektmunka/tesztApi/vendor/laravel/framework/src/Illuminate/Database/Schema/MySqlBuilder.php(41): Illuminate\\Database\\Connection->selectFromWriteConnection()
#4 /home/diak/Projektmunka/tesztApi/vendor/laravel/framework/src/Illuminate/Database/Schema/Builder.php(147): Illuminate\\Database\\Schema\\MySqlBuilder->getTables()
#5 /home/diak/Projektmunka/tesztApi/vendor/laravel/framework/src/Illuminate/Database/Migrations/DatabaseMigrationRepository.php(184): Illuminate\\Database\\Schema\\Builder->hasTable()
#6 /home/diak/Projektmunka/tesztApi/vendor/laravel/framework/src/Illuminate/Database/Migrations/Migrator.php(689): Illuminate\\Database\\Migrations\\DatabaseMigrationRepository->repositoryExists()
#7 /home/diak/Projektmunka/tesztApi/vendor/laravel/framework/src/Illuminate/Database/Console/Migrations/MigrateCommand.php(140): Illuminate\\Database\\Migrations\\Migrator->repositoryExists()
#8 /home/diak/Projektmunka/tesztApi/vendor/laravel/framework/src/Illuminate/Support/helpers.php(286): Illuminate\\Database\\Console\\Migrations\\MigrateCommand->Illuminate\\Database\\Console\\Migrations\\{closure}()
#9 /home/diak/Projektmunka/tesztApi/vendor/laravel/framework/src/Illuminate/Database/Console/Migrations/MigrateCommand.php(140): retry()
#10 /home/diak/Projektmunka/tesztApi/vendor/laravel/framework/src/Illuminate/Database/Console/Migrations/MigrateCommand.php(116): Illuminate\\Database\\Console\\Migrations\\MigrateCommand->repositoryExists()
#11 /home/diak/Projektmunka/tesztApi/vendor/laravel/framework/src/Illuminate/Database/Console/Migrations/MigrateCommand.php(84): Illuminate\\Database\\Console\\Migrations\\MigrateCommand->prepareDatabase()
#12 /home/diak/Projektmunka/tesztApi/vendor/laravel/framework/src/Illuminate/Database/Migrations/Migrator.php(622): Illuminate\\Database\\Console\\Migrations\\MigrateCommand->Illuminate\\Database\\Console\\Migrations\\{closure}()
#13 /home/diak/Projektmunka/tesztApi/vendor/laravel/framework/src/Illuminate/Database/Console/Migrations/MigrateCommand.php(83): Illuminate\\Database\\Migrations\\Migrator->usingConnection()
#14 /home/diak/Projektmunka/tesztApi/vendor/laravel/framework/src/Illuminate/Container/BoundMethod.php(36): Illuminate\\Database\\Console\\Migrations\\MigrateCommand->handle()
#15 /home/diak/Projektmunka/tesztApi/vendor/laravel/framework/src/Illuminate/Container/Util.php(41): Illuminate\\Container\\BoundMethod::Illuminate\\Container\\{closure}()
#16 /home/diak/Projektmunka/tesztApi/vendor/laravel/framework/src/Illuminate/Container/BoundMethod.php(93): Illuminate\\Container\\Util::unwrapIfClosure()
#17 /home/diak/Projektmunka/tesztApi/vendor/laravel/framework/src/Illuminate/Container/BoundMethod.php(35): Illuminate\\Container\\BoundMethod::callBoundMethod()
#18 /home/diak/Projektmunka/tesztApi/vendor/laravel/framework/src/Illuminate/Container/Container.php(662): Illuminate\\Container\\BoundMethod::call()
#19 /home/diak/Projektmunka/tesztApi/vendor/laravel/framework/src/Illuminate/Console/Command.php(212): Illuminate\\Container\\Container->call()
#20 /home/diak/Projektmunka/tesztApi/vendor/symfony/console/Command/Command.php(279): Illuminate\\Console\\Command->execute()
#21 /home/diak/Projektmunka/tesztApi/vendor/laravel/framework/src/Illuminate/Console/Command.php(181): Symfony\\Component\\Console\\Command\\Command->run()
#22 /home/diak/Projektmunka/tesztApi/vendor/symfony/console/Application.php(1049): Illuminate\\Console\\Command->run()
#23 /home/diak/Projektmunka/tesztApi/vendor/symfony/console/Application.php(318): Symfony\\Component\\Console\\Application->doRunCommand()
#24 /home/diak/Projektmunka/tesztApi/vendor/symfony/console/Application.php(169): Symfony\\Component\\Console\\Application->doRun()
#25 /home/diak/Projektmunka/tesztApi/vendor/laravel/framework/src/Illuminate/Foundation/Console/Kernel.php(196): Symfony\\Component\\Console\\Application->run()
#26 /home/diak/Projektmunka/tesztApi/vendor/laravel/framework/src/Illuminate/Foundation/Application.php(1183): Illuminate\\Foundation\\Console\\Kernel->handle()
#27 /home/diak/Projektmunka/tesztApi/artisan(13): Illuminate\\Foundation\\Application->handleCommand()
#28 {main}

[previous exception] [object] (PDOException(code: HY000): SQLSTATE[HY000]: General error: 1273 Unknown collation: 'utf8mb4_0900_ai_ci' at /home/diak/Projektmunka/tesztApi/vendor/laravel/framework/src/Illuminate/Database/Connectors/MySqlConnector.php:121)
[stacktrace]
#0 /home/diak/Projektmunka/tesztApi/vendor/laravel/framework/src/Illuminate/Database/Connectors/MySqlConnector.php(121): PDO->exec()
#1 /home/diak/Projektmunka/tesztApi/vendor/laravel/framework/src/Illuminate/Database/Connectors/MySqlConnector.php(30): Illuminate\\Database\\Connectors\\MySqlConnector->configureConnection()
#2 /home/diak/Projektmunka/tesztApi/vendor/laravel/framework/src/Illuminate/Database/Connectors/ConnectionFactory.php(185): Illuminate\\Database\\Connectors\\MySqlConnector->connect()
#3 [internal function]: Illuminate\\Database\\Connectors\\ConnectionFactory->Illuminate\\Database\\Connectors\\{closure}()
#4 /home/diak/Projektmunka/tesztApi/vendor/laravel/framework/src/Illuminate/Database/Connection.php(1219): call_user_func()
#5 /home/diak/Projektmunka/tesztApi/vendor/laravel/framework/src/Illuminate/Database/Connection.php(512): Illuminate\\Database\\Connection->getPdo()
#6 /home/diak/Projektmunka/tesztApi/vendor/laravel/framework/src/Illuminate/Database/Connection.php(407): Illuminate\\Database\\Connection->getPdoForSelect()
#7 /home/diak/Projektmunka/tesztApi/vendor/laravel/framework/src/Illuminate/Database/Connection.php(800): Illuminate\\Database\\Connection->Illuminate\\Database\\{closure}()
#8 /home/diak/Projektmunka/tesztApi/vendor/laravel/framework/src/Illuminate/Database/Connection.php(767): Illuminate\\Database\\Connection->runQueryCallback()
#9 /home/diak/Projektmunka/tesztApi/vendor/laravel/framework/src/Illuminate/Database/Connection.php(398): Illuminate\\Database\\Connection->run()
#10 /home/diak/Projektmunka/tesztApi/vendor/laravel/framework/src/Illuminate/Database/Connection.php(385): Illuminate\\Database\\Connection->select()
#11 /home/diak/Projektmunka/tesztApi/vendor/laravel/framework/src/Illuminate/Database/Schema/MySqlBuilder.php(41): Illuminate\\Database\\Connection->selectFromWriteConnection()
#12 /home/diak/Projektmunka/tesztApi/vendor/laravel/framework/src/Illuminate/Database/Schema/Builder.php(147): Illuminate\\Database\\Schema\\MySqlBuilder->getTables()
#13 /home/diak/Projektmunka/tesztApi/vendor/laravel/framework/src/Illuminate/Database/Migrations/DatabaseMigrationRepository.php(184): Illuminate\\Database\\Schema\\Builder->hasTable()
#14 /home/diak/Projektmunka/tesztApi/vendor/laravel/framework/src/Illuminate/Database/Migrations/Migrator.php(689): Illuminate\\Database\\Migrations\\DatabaseMigrationRepository->repositoryExists()
#15 /home/diak/Projektmunka/tesztApi/vendor/laravel/framework/src/Illuminate/Database/Console/Migrations/MigrateCommand.php(140): Illuminate\\Database\\Migrations\\Migrator->repositoryExists()
#16 /home/diak/Projektmunka/tesztApi/vendor/laravel/framework/src/Illuminate/Support/helpers.php(286): Illuminate\\Database\\Console\\Migrations\\MigrateCommand->Illuminate\\Database\\Console\\Migrations\\{closure}()
#17 /home/diak/Projektmunka/tesztApi/vendor/laravel/framework/src/Illuminate/Database/Console/Migrations/MigrateCommand.php(140): retry()
#18 /home/diak/Projektmunka/tesztApi/vendor/laravel/framework/src/Illuminate/Database/Console/Migrations/MigrateCommand.php(116): Illuminate\\Database\\Console\\Migrations\\MigrateCommand->repositoryExists()
#19 /home/diak/Projektmunka/tesztApi/vendor/laravel/framework/src/Illuminate/Database/Console/Migrations/MigrateCommand.php(84): Illuminate\\Database\\Console\\Migrations\\MigrateCommand->prepareDatabase()
#20 /home/diak/Projektmunka/tesztApi/vendor/laravel/framework/src/Illuminate/Database/Migrations/Migrator.php(622): Illuminate\\Database\\Console\\Migrations\\MigrateCommand->Illuminate\\Database\\Console\\Migrations\\{closure}()
#21 /home/diak/Projektmunka/tesztApi/vendor/laravel/framework/src/Illuminate/Database/Console/Migrations/MigrateCommand.php(83): Illuminate\\Database\\Migrations\\Migrator->usingConnection()
#22 /home/diak/Projektmunka/tesztApi/vendor/laravel/framework/src/Illuminate/Container/BoundMethod.php(36): Illuminate\\Database\\Console\\Migrations\\MigrateCommand->handle()
#23 /home/diak/Projektmunka/tesztApi/vendor/laravel/framework/src/Illuminate/Container/Util.php(41): Illuminate\\Container\\BoundMethod::Illuminate\\Container\\{closure}()
#24 /home/diak/Projektmunka/tesztApi/vendor/laravel/framework/src/Illuminate/Container/BoundMethod.php(93): Illuminate\\Container\\Util::unwrapIfClosure()
#25 /home/diak/Projektmunka/tesztApi/vendor/laravel/framework/src/Illuminate/Container/BoundMethod.php(35): Illuminate\\Container\\BoundMethod::callBoundMethod()
#26 /home/diak/Projektmunka/tesztApi/vendor/laravel/framework/src/Illuminate/Container/Container.php(662): Illuminate\\Container\\BoundMethod::call()
#27 /home/diak/Projektmunka/tesztApi/vendor/laravel/framework/src/Illuminate/Console/Command.php(212): Illuminate\\Container\\Container->call()
#28 /home/diak/Projektmunka/tesztApi/vendor/symfony/console/Command/Command.php(279): Illuminate\\Console\\Command->execute()
#29 /home/diak/Projektmunka/tesztApi/vendor/laravel/framework/src/Illuminate/Console/Command.php(181): Symfony\\Component\\Console\\Command\\Command->run()
#30 /home/diak/Projektmunka/tesztApi/vendor/symfony/console/Application.php(1049): Illuminate\\Console\\Command->run()
#31 /home/diak/Projektmunka/tesztApi/vendor/symfony/console/Application.php(318): Symfony\\Component\\Console\\Application->doRunCommand()
#32 /home/diak/Projektmunka/tesztApi/vendor/symfony/console/Application.php(169): Symfony\\Component\\Console\\Application->doRun()
#33 /home/diak/Projektmunka/tesztApi/vendor/laravel/framework/src/Illuminate/Foundation/Console/Kernel.php(196): Symfony\\Component\\Console\\Application->run()
#34 /home/diak/Projektmunka/tesztApi/vendor/laravel/framework/src/Illuminate/Foundation/Application.php(1183): Illuminate\\Foundation\\Console\\Kernel->handle()
#35 /home/diak/Projektmunka/tesztApi/artisan(13): Illuminate\\Foundation\\Application->handleCommand()
#36 {main}
"} 
[2024-03-12 19:50:21] local.ERROR: SQLSTATE[HY000]: General error: 1273 Unknown collation: 'utf8mb4_0900_ai_ci' {"exception":"[object] (PDOException(code: HY000): SQLSTATE[HY000]: General error: 1273 Unknown collation: 'utf8mb4_0900_ai_ci' at /home/diak/Projektmunka/tesztApi/vendor/laravel/framework/src/Illuminate/Database/Connectors/MySqlConnector.php:121)
[stacktrace]
#0 /home/diak/Projektmunka/tesztApi/vendor/laravel/framework/src/Illuminate/Database/Connectors/MySqlConnector.php(121): PDO->exec()
#1 /home/diak/Projektmunka/tesztApi/vendor/laravel/framework/src/Illuminate/Database/Connectors/MySqlConnector.php(30): Illuminate\\Database\\Connectors\\MySqlConnector->configureConnection()
#2 /home/diak/Projektmunka/tesztApi/vendor/laravel/framework/src/Illuminate/Database/Connectors/ConnectionFactory.php(185): Illuminate\\Database\\Connectors\\MySqlConnector->connect()
#3 [internal function]: Illuminate\\Database\\Connectors\\ConnectionFactory->Illuminate\\Database\\Connectors\\{closure}()
#4 /home/diak/Projektmunka/tesztApi/vendor/laravel/framework/src/Illuminate/Database/Connection.php(1219): call_user_func()
#5 /home/diak/Projektmunka/tesztApi/vendor/laravel/framework/src/Illuminate/Database/MySqlConnection.php(48): Illuminate\\Database\\Connection->getPdo()
#6 /home/diak/Projektmunka/tesztApi/vendor/laravel/framework/src/Illuminate/Database/Schema/MySqlSchemaState.php(90): Illuminate\\Database\\MySqlConnection->isMaria()
#7 /home/diak/Projektmunka/tesztApi/vendor/laravel/framework/src/Illuminate/Database/Schema/MySqlSchemaState.php(22): Illuminate\\Database\\Schema\\MySqlSchemaState->baseDumpCommand()
#8 /home/diak/Projektmunka/tesztApi/vendor/laravel/framework/src/Illuminate/Database/Console/DumpCommand.php(45): Illuminate\\Database\\Schema\\MySqlSchemaState->dump()
#9 /home/diak/Projektmunka/tesztApi/vendor/laravel/framework/src/Illuminate/Container/BoundMethod.php(36): Illuminate\\Database\\Console\\DumpCommand->handle()
#10 /home/diak/Projektmunka/tesztApi/vendor/laravel/framework/src/Illuminate/Container/Util.php(41): Illuminate\\Container\\BoundMethod::Illuminate\\Container\\{closure}()
#11 /home/diak/Projektmunka/tesztApi/vendor/laravel/framework/src/Illuminate/Container/BoundMethod.php(93): Illuminate\\Container\\Util::unwrapIfClosure()
#12 /home/diak/Projektmunka/tesztApi/vendor/laravel/framework/src/Illuminate/Container/BoundMethod.php(35): Illuminate\\Container\\BoundMethod::callBoundMethod()
#13 /home/diak/Projektmunka/tesztApi/vendor/laravel/framework/src/Illuminate/Container/Container.php(662): Illuminate\\Container\\BoundMethod::call()
#14 /home/diak/Projektmunka/tesztApi/vendor/laravel/framework/src/Illuminate/Console/Command.php(212): Illuminate\\Container\\Container->call()
#15 /home/diak/Projektmunka/tesztApi/vendor/symfony/console/Command/Command.php(279): Illuminate\\Console\\Command->execute()
#16 /home/diak/Projektmunka/tesztApi/vendor/laravel/framework/src/Illuminate/Console/Command.php(181): Symfony\\Component\\Console\\Command\\Command->run()
#17 /home/diak/Projektmunka/tesztApi/vendor/symfony/console/Application.php(1049): Illuminate\\Console\\Command->run()
#18 /home/diak/Projektmunka/tesztApi/vendor/symfony/console/Application.php(318): Symfony\\Component\\Console\\Application->doRunCommand()
#19 /home/diak/Projektmunka/tesztApi/vendor/symfony/console/Application.php(169): Symfony\\Component\\Console\\Application->doRun()
#20 /home/diak/Projektmunka/tesztApi/vendor/laravel/framework/src/Illuminate/Foundation/Console/Kernel.php(196): Symfony\\Component\\Console\\Application->run()
#21 /home/diak/Projektmunka/tesztApi/vendor/laravel/framework/src/Illuminate/Foundation/Application.php(1183): Illuminate\\Foundation\\Console\\Kernel->handle()
#22 /home/diak/Projektmunka/tesztApi/artisan(13): Illuminate\\Foundation\\Application->handleCommand()
#23 {main}
"} 
[2024-03-12 20:00:32] local.ERROR: Uncaught ReflectionException: Class "Spark\Http\Middleware\VerifyBillableIsSubscribed" does not exist in Command line code:1
Stack trace:
#0 Command line code(1): ReflectionMethod->__construct()
#1 {main}
  thrown {"exception":"[object] (Symfony\\Component\\ErrorHandler\\Error\\FatalError(code: 0): Uncaught ReflectionException: Class \"Spark\\Http\\Middleware\\VerifyBillableIsSubscribed\" does not exist in Command line code:1
Stack trace:
#0 Command line code(1): ReflectionMethod->__construct()
#1 {main}
  thrown at Command line code:1)
[stacktrace]
#0 {main}
"} 
[2024-03-12 20:50:23] local.ERROR: Uncaught ReflectionException: Class "Spark\Http\Middleware\VerifyBillableIsSubscribed" does not exist in Command line code:1
Stack trace:
#0 Command line code(1): ReflectionMethod->__construct()
#1 {main}
  thrown {"exception":"[object] (Symfony\\Component\\ErrorHandler\\Error\\FatalError(code: 0): Uncaught ReflectionException: Class \"Spark\\Http\\Middleware\\VerifyBillableIsSubscribed\" does not exist in Command line code:1
Stack trace:
#0 Command line code(1): ReflectionMethod->__construct()
#1 {main}
  thrown at Command line code:1)
[stacktrace]
#0 {main}
"} 
[2024-03-12 20:50:34] local.ERROR: Uncaught ReflectionException: Class "Spark\Http\Middleware\VerifyBillableIsSubscribed" does not exist in Command line code:1
Stack trace:
#0 Command line code(1): ReflectionMethod->__construct()
#1 {main}
  thrown {"exception":"[object] (Symfony\\Component\\ErrorHandler\\Error\\FatalError(code: 0): Uncaught ReflectionException: Class \"Spark\\Http\\Middleware\\VerifyBillableIsSubscribed\" does not exist in Command line code:1
Stack trace:
#0 Command line code(1): ReflectionMethod->__construct()
#1 {main}
  thrown at Command line code:1)
[stacktrace]
#0 {main}
"} 
[2024-03-12 20:50:49] local.ERROR: Uncaught ReflectionException: Class "Spark\Http\Middleware\VerifyBillableIsSubscribed" does not exist in Command line code:1
Stack trace:
#0 Command line code(1): ReflectionMethod->__construct()
#1 {main}
  thrown {"exception":"[object] (Symfony\\Component\\ErrorHandler\\Error\\FatalError(code: 0): Uncaught ReflectionException: Class \"Spark\\Http\\Middleware\\VerifyBillableIsSubscribed\" does not exist in Command line code:1
Stack trace:
#0 Command line code(1): ReflectionMethod->__construct()
#1 {main}
  thrown at Command line code:1)
[stacktrace]
#0 {main}
"} 
[2024-03-12 20:51:03] local.ERROR: Uncaught ReflectionException: Class "Spark\Http\Middleware\VerifyBillableIsSubscribed" does not exist in Command line code:1
Stack trace:
#0 Command line code(1): ReflectionMethod->__construct()
#1 {main}
  thrown {"exception":"[object] (Symfony\\Component\\ErrorHandler\\Error\\FatalError(code: 0): Uncaught ReflectionException: Class \"Spark\\Http\\Middleware\\VerifyBillableIsSubscribed\" does not exist in Command line code:1
Stack trace:
#0 Command line code(1): ReflectionMethod->__construct()
#1 {main}
  thrown at Command line code:1)
[stacktrace]
#0 {main}
"} 
[2024-03-12 20:51:11] local.ERROR: Uncaught ReflectionException: Class "Spark\Http\Middleware\VerifyBillableIsSubscribed" does not exist in Command line code:1
Stack trace:
#0 Command line code(1): ReflectionMethod->__construct()
#1 {main}
  thrown {"exception":"[object] (Symfony\\Component\\ErrorHandler\\Error\\FatalError(code: 0): Uncaught ReflectionException: Class \"Spark\\Http\\Middleware\\VerifyBillableIsSubscribed\" does not exist in Command line code:1
Stack trace:
#0 Command line code(1): ReflectionMethod->__construct()
#1 {main}
  thrown at Command line code:1)
[stacktrace]
#0 {main}
"} 
[2024-03-12 20:51:18] local.ERROR: Uncaught ReflectionException: Class "Spark\Http\Middleware\VerifyBillableIsSubscribed" does not exist in Command line code:1
Stack trace:
#0 Command line code(1): ReflectionMethod->__construct()
#1 {main}
  thrown {"exception":"[object] (Symfony\\Component\\ErrorHandler\\Error\\FatalError(code: 0): Uncaught ReflectionException: Class \"Spark\\Http\\Middleware\\VerifyBillableIsSubscribed\" does not exist in Command line code:1
Stack trace:
#0 Command line code(1): ReflectionMethod->__construct()
#1 {main}
  thrown at Command line code:1)
[stacktrace]
#0 {main}
"} 
[2024-03-12 20:51:29] local.ERROR: Uncaught ReflectionException: Class "Spark\Http\Middleware\VerifyBillableIsSubscribed" does not exist in Command line code:1
Stack trace:
#0 Command line code(1): ReflectionMethod->__construct()
#1 {main}
  thrown {"exception":"[object] (Symfony\\Component\\ErrorHandler\\Error\\FatalError(code: 0): Uncaught ReflectionException: Class \"Spark\\Http\\Middleware\\VerifyBillableIsSubscribed\" does not exist in Command line code:1
Stack trace:
#0 Command line code(1): ReflectionMethod->__construct()
#1 {main}
  thrown at Command line code:1)
[stacktrace]
#0 {main}
"} 
[2024-03-12 20:56:26] local.ERROR: Uncaught ReflectionException: Class "Spark\Http\Middleware\VerifyBillableIsSubscribed" does not exist in Command line code:1
Stack trace:
#0 Command line code(1): ReflectionMethod->__construct()
#1 {main}
  thrown {"exception":"[object] (Symfony\\Component\\ErrorHandler\\Error\\FatalError(code: 0): Uncaught ReflectionException: Class \"Spark\\Http\\Middleware\\VerifyBillableIsSubscribed\" does not exist in Command line code:1
Stack trace:
#0 Command line code(1): ReflectionMethod->__construct()
#1 {main}
  thrown at Command line code:1)
[stacktrace]
#0 {main}
"} 
